<?xml version="1.0" encoding="UTF-8"?>
<testsuite xmlns:xsi="http://www.w3.org/2001/XMLSchema-instance" xsi:noNamespaceSchemaLocation="https://maven.apache.org/surefire/maven-surefire-plugin/xsd/surefire-test-report.xsd" version="3.0.2" name="com.gamespace.unit.JsonFileTest" time="0.057" tests="4" errors="0" skipped="0" failures="0">
  <properties>
[...]
</properties>
  <testcase name="ordersJsonExists" classname="com.gamespace.unit.JsonFileTest" time="0.017"/>
  <testcase name="productsJsonExists" classname="com.gamespace.unit.JsonFileTest" time="0.006"/>
  <testcase name="ordersJsonIsCleanArrayOnStart" classname="com.gamespace.unit.JsonFileTest" time="0.008"/>
  <testcase name="usersJsonExists" classname="com.gamespace.unit.JsonFileTest" time="0.009"/>
</testsuite>