<?xml version="1.0" encoding="UTF-8"?>
<coverage generated="1781093474">
  <project timestamp="1781093474" name="Clover Coverage">
    <file name="D:\Penjaminan Kualitas Perangkat Lunak\Projek UAS\GameSpace\frontend\CheckoutService.php">
      <class name="CheckoutService" namespace="global">
        <metrics complexity="12" methods="5" coveredmethods="5" conditionals="0" coveredconditionals="0" statements="35" coveredstatements="35" elements="40" coveredelements="40"/>
      </class>
      <line num="10" type="method" name="__construct" visibility="public" complexity="1" crap="1" count="20"/>
      <line num="12" type="stmt" count="20"/>
      <line num="21" type="method" name="validateInput" visibility="public" complexity="6" crap="6" count="8"/>
      <line num="23" type="stmt" count="8"/>
      <line num="25" type="stmt" count="8"/>
      <line num="26" type="stmt" count="2"/>
      <line num="29" type="stmt" count="8"/>
      <line num="30" type="stmt" count="2"/>
      <line num="33" type="stmt" count="8"/>
      <line num="34" type="stmt" count="8"/>
      <line num="35" type="stmt" count="4"/>
      <line num="38" type="stmt" count="8"/>
      <line num="39" type="stmt" count="8"/>
      <line num="40" type="stmt" count="8"/>
      <line num="41" type="stmt" count="8"/>
      <line num="50" type="method" name="buildPayload" visibility="public" complexity="1" crap="1" count="3"/>
      <line num="52" type="stmt" count="3"/>
      <line num="53" type="stmt" count="3"/>
      <line num="54" type="stmt" count="3"/>
      <line num="55" type="stmt" count="3"/>
      <line num="56" type="stmt" count="3"/>
      <line num="58" type="stmt" count="3"/>
      <line num="73" type="method" name="sendToBackend" visibility="public" complexity="3" crap="3" count="5"/>
      <line num="75" type="stmt" count="5"/>
      <line num="77" type="stmt" count="4"/>
      <line num="81" type="stmt" count="1"/>
      <line num="82" type="stmt" count="1"/>
      <line num="83" type="stmt" count="1"/>
      <line num="84" type="stmt" count="1"/>
      <line num="85" type="stmt" count="1"/>
      <line num="86" type="stmt" count="1"/>
      <line num="88" type="stmt" count="1"/>
      <line num="89" type="stmt" count="1"/>
      <line num="90" type="stmt" count="1"/>
      <line num="92" type="stmt" count="1"/>
      <line num="93" type="stmt" count="1"/>
      <line num="94" type="stmt" count="1"/>
      <line num="95" type="stmt" count="1"/>
      <line num="104" type="method" name="sanitizeCatatan" visibility="public" complexity="1" crap="1" count="4"/>
      <line num="106" type="stmt" count="4"/>
      <metrics loc="108" ncloc="73" classes="1" methods="5" coveredmethods="5" conditionals="0" coveredconditionals="0" statements="35" coveredstatements="35" elements="40" coveredelements="40"/>
    </file>
    <metrics files="1" loc="108" ncloc="73" classes="1" methods="5" coveredmethods="5" conditionals="0" coveredconditionals="0" statements="35" coveredstatements="35" elements="40" coveredelements="40"/>
  </project>
</coverage>
